<?xml version="1.0" encoding="UTF-8"?>
<document>
  <ACTES>
    <ACTE num="9985">10013) <date>11-4-1809</date>: <epoux><prenom>Francisco</prenom> <prenom>Sabino</prenom>
    <nom>ALBARENGUE</nom>, <condition>indio</condition>, natural de <naissance-lieu>Itapúa</naissance-lieu>, hijo legítimo de <pere>Manuel Antonio
    Albarengue</pere>, y de <mere>Mariana Domínguez</mere>,</epoux> <epouse>con <prenom>María</prenom> <prenom>Saturnina</prenom>
    <nom>IRE</nom>, <condition>india</condition>, natural de Santo Tomé, hija legítima de <pere>Félix Iré</pere>, y de <mere>María
    Cecilia Sánchez</mere>. </epouse><temoins>Ts.: Carlos Suárez, y su mujer Helena,
    </temoins>(f. 171).</ACTE>
  </ACTES>
</document>
